0 info it worked if it ends with ok
1 verbose cli [ 'C:\\Program Files\\nodejs\\node.exe',
1 verbose cli   'C:\\Program Files\\nodejs\\node_modules\\npm\\bin\\npm-cli.js',
1 verbose cli   'start' ]
2 info using npm@3.7.3
3 info using node@v5.9.0
4 verbose run-script [ 'prestart', 'start', 'poststart' ]
5 info lifecycle asteroids@0.0.0~prestart: asteroids@0.0.0
6 silly lifecycle asteroids@0.0.0~prestart: no script for prestart, continuing
7 info lifecycle asteroids@0.0.0~start: asteroids@0.0.0
8 verbose lifecycle asteroids@0.0.0~start: unsafe-perm in lifecycle true
9 verbose lifecycle asteroids@0.0.0~start: PATH: C:\Program Files\nodejs\node_modules\npm\bin\node-gyp-bin;C:\Users\schackma\Documents\GitHub\derbyhacks\stroids\asteroids-backend\node_modules\.bin;C:\Program Files\nodejs;C:\Program Files (x86)\Microchip\mplabc18\v3.47\mpasm;C:\Program Files (x86)\Microchip\mplabc18\v3.47\bin;C:\Program Files (x86)\NVIDIA Corporation\PhysX\Common;C:\Program Files (x86)\Pololu\Simple Motor Controller\bin;C:\ProgramData\Oracle\Java\javapath;C:\Program Files\Common Files\Microsoft Shared\Windows Live;C:\Program Files (x86)\Common Files\Microsoft Shared\Windows Live;%SystemRoot%\system32;%SystemRoot%;%SystemRoot%\System32\Wbem;%SYSTEMROOT%\System32\WindowsPowerShell\v1.0\;C:\Program Files\VanDyke Software\Clients\;C:\MinGW\bin;C:\Program Files\TortoiseSVN\bin;C:\Program Files (x86)\QuickTime\QTSystem\;C:\Program Files (x86)\Intel\OpenCL SDK\2.0\bin\x86;C:\Program Files (x86)\Intel\OpenCL SDK\2.0\bin\x64;C:\Program Files (x86)\Common Files\Ulead Systems\MPEG;C:\Program Files (x86)\Windows Live\Shared;C:\Program Files\MATLAB\R2015b\runtime\win64;C:\Program Files\MATLAB\R2015b\bin;C:\Program Files\MATLAB\R2014a\runtime\win64;C:\Program Files\MATLAB\R2014a\bin;C:\Program Files (x86)\Skype\Phone\;C:\Program Files\python27;%USERPROFILE%\.dnx\bin;C:\Program Files\Microsoft DNX\Dnvm\;C:\Users\schackma\Documents\GitHub\1516-Adev\dxl_sdk_win64_v1_02\bin;C:\Program Files\nodejs\;C:\Android;C:\Windows\System32;C:\Users\schackma\AppData\Local\Programs\Python\Python35-32\Scripts\;C:\Users\schackma\AppData\Local\Programs\Python\Python35-32\;C:\Program Files (x86)\Microchip\mplabc18\v3.47\mpasm;C:\Program Files (x86)\Microchip\mplabc18\v3.47\bin;C:\Program Files (x86)\Pololu\Simple Motor Controller\bin;C:\Users\schackma\Documents\GitHub\1516-Adev\dxl_sdk_win64_v1_02\bin;C:\Users\schackma\AppData\Local\atom\bin;C:\Users\schackma\AppData\Roaming\npm
10 verbose lifecycle asteroids@0.0.0~start: CWD: C:\Users\schackma\Documents\GitHub\derbyhacks\stroids\asteroids-backend
11 silly lifecycle asteroids@0.0.0~start: Args: [ '/d /s /c', 'node ./bin/www' ]
12 silly lifecycle asteroids@0.0.0~start: Returned: code: 1  signal: null
13 info lifecycle asteroids@0.0.0~start: Failed to exec start script
14 verbose stack Error: asteroids@0.0.0 start: `node ./bin/www`
14 verbose stack Exit status 1
14 verbose stack     at EventEmitter.<anonymous> (C:\Program Files\nodejs\node_modules\npm\lib\utils\lifecycle.js:239:16)
14 verbose stack     at emitTwo (events.js:100:13)
14 verbose stack     at EventEmitter.emit (events.js:185:7)
14 verbose stack     at ChildProcess.<anonymous> (C:\Program Files\nodejs\node_modules\npm\lib\utils\spawn.js:24:14)
14 verbose stack     at emitTwo (events.js:100:13)
14 verbose stack     at ChildProcess.emit (events.js:185:7)
14 verbose stack     at maybeClose (internal/child_process.js:850:16)
14 verbose stack     at Process.ChildProcess._handle.onexit (internal/child_process.js:215:5)
15 verbose pkgid asteroids@0.0.0
16 verbose cwd C:\Users\schackma\Documents\GitHub\derbyhacks\stroids\asteroids-backend
17 error Windows_NT 6.1.7601
18 error argv "C:\\Program Files\\nodejs\\node.exe" "C:\\Program Files\\nodejs\\node_modules\\npm\\bin\\npm-cli.js" "start"
19 error node v5.9.0
20 error npm  v3.7.3
21 error code ELIFECYCLE
22 error asteroids@0.0.0 start: `node ./bin/www`
22 error Exit status 1
23 error Failed at the asteroids@0.0.0 start script 'node ./bin/www'.
23 error Make sure you have the latest version of node.js and npm installed.
23 error If you do, this is most likely a problem with the asteroids package,
23 error not with npm itself.
23 error Tell the author that this fails on your system:
23 error     node ./bin/www
23 error You can get information on how to open an issue for this project with:
23 error     npm bugs asteroids
23 error Or if that isn't available, you can get their info via:
23 error     npm owner ls asteroids
23 error There is likely additional logging output above.
24 verbose exit [ 1, true ]
